PhantomJS is launching GhostDriver...
[INFO  - 2015-07-18T15:28:19.742Z] GhostDriver - Main - running on port 56153
[INFO  - 2015-07-18T15:28:20.081Z] Session [9e9bdac0-2d61-11e5-ac1e-d586e0cdbc26] - page.settings - {"XSSAuditingEnabled":false,"javascriptCanCloseWindows":true,"javascriptCanOpenWindows":true,"javascriptEnabled":true,"loadImages":true,"localToRemoteUrlAccessEnabled":false,"userAgent":"Mozilla/5.0 (Macintosh; PPC Mac OS X) AppleWebKit/534.34 (KHTML, like Gecko) PhantomJS/1.9.8 Safari/534.34","webSecurityEnabled":true}
[INFO  - 2015-07-18T15:28:20.081Z] Session [9e9bdac0-2d61-11e5-ac1e-d586e0cdbc26] - page.customHeaders:  - {}
[INFO  - 2015-07-18T15:28:20.081Z] Session [9e9bdac0-2d61-11e5-ac1e-d586e0cdbc26] - Session.negotiatedCapabilities - {"browserName":"phantomjs","version":"1.9.8","driverName":"ghostdriver","driverVersion":"1.1.0","platform":"mac-10.10 (Yosemite)-64bit","javascriptEnabled":true,"takesScreenshot":true,"handlesAlerts":false,"databaseEnabled":false,"locationContextEnabled":false,"applicationCacheEnabled":false,"browserConnectionEnabled":false,"cssSelectorsEnabled":true,"webStorageEnabled":false,"rotatable":false,"acceptSslCerts":false,"nativeEvents":true,"proxy":{"proxyType":"direct"}}
[INFO  - 2015-07-18T15:28:20.081Z] SessionManagerReqHand - _postNewSessionCommand - New Session Created: 9e9bdac0-2d61-11e5-ac1e-d586e0cdbc26
[ERROR - 2015-07-18T15:28:56.249Z] Session [9e9bdac0-2d61-11e5-ac1e-d586e0cdbc26] - page.onError - msg: TypeError: 'undefined' is not an object (evaluating 'Array.prototype')
[ERROR - 2015-07-18T15:28:56.249Z] Session [9e9bdac0-2d61-11e5-ac1e-d586e0cdbc26] - page.onError - stack:
  (anonymous function) (http://pagead2.googlesyndication.com/pagead/js/r20150714/r20150716/show_ads_impl.js:3)
[ERROR - 2015-07-18T15:28:56.277Z] Session [9e9bdac0-2d61-11e5-ac1e-d586e0cdbc26] - page.onError - msg: TypeError: 'undefined' is not an object (evaluating 'Array.prototype')
[ERROR - 2015-07-18T15:28:56.277Z] Session [9e9bdac0-2d61-11e5-ac1e-d586e0cdbc26] - page.onError - stack:
  (anonymous function) (http://pagead2.googlesyndication.com/pagead/js/r20150714/r20150716/show_ads_impl.js:3)
[ERROR - 2015-07-18T15:28:56.278Z] Session [9e9bdac0-2d61-11e5-ac1e-d586e0cdbc26] - page.onError - msg: TypeError: 'undefined' is not an object (evaluating 'Array.prototype')
[ERROR - 2015-07-18T15:28:56.278Z] Session [9e9bdac0-2d61-11e5-ac1e-d586e0cdbc26] - page.onError - stack:
  (anonymous function) (http://pagead2.googlesyndication.com/pagead/js/r20150714/r20150716/show_ads_impl.js:3)
[INFO  - 2015-07-18T15:33:19.742Z] SessionManagerReqHand - _cleanupWindowlessSessions - Asynchronous Sessions clean-up phase starting NOW
[INFO  - 2015-07-18T15:38:19.742Z] SessionManagerReqHand - _cleanupWindowlessSessions - Asynchronous Sessions clean-up phase starting NOW
[INFO  - 2015-07-18T15:43:19.743Z] SessionManagerReqHand - _cleanupWindowlessSessions - Asynchronous Sessions clean-up phase starting NOW
[INFO  - 2015-07-18T15:48:19.743Z] SessionManagerReqHand - _cleanupWindowlessSessions - Asynchronous Sessions clean-up phase starting NOW
[INFO  - 2015-07-18T15:53:19.752Z] SessionManagerReqHand - _cleanupWindowlessSessions - Asynchronous Sessions clean-up phase starting NOW
[INFO  - 2015-07-18T15:58:19.748Z] SessionManagerReqHand - _cleanupWindowlessSessions - Asynchronous Sessions clean-up phase starting NOW
[INFO  - 2015-07-18T16:03:19.752Z] SessionManagerReqHand - _cleanupWindowlessSessions - Asynchronous Sessions clean-up phase starting NOW
[INFO  - 2015-07-18T16:08:19.748Z] SessionManagerReqHand - _cleanupWindowlessSessions - Asynchronous Sessions clean-up phase starting NOW
[INFO  - 2015-07-18T16:13:19.752Z] SessionManagerReqHand - _cleanupWindowlessSessions - Asynchronous Sessions clean-up phase starting NOW
[INFO  - 2015-07-18T16:18:19.753Z] SessionManagerReqHand - _cleanupWindowlessSessions - Asynchronous Sessions clean-up phase starting NOW
[INFO  - 2015-07-18T16:23:19.753Z] SessionManagerReqHand - _cleanupWindowlessSessions - Asynchronous Sessions clean-up phase starting NOW
[INFO  - 2015-07-18T16:28:19.753Z] SessionManagerReqHand - _cleanupWindowlessSessions - Asynchronous Sessions clean-up phase starting NOW
